<?xml version="1.0" encoding="UTF-8"?>
<coverage generated="1718669093240" clover="3.2.0">
  <project timestamp="1718669093241" name="All files">
    <metrics statements="55" coveredstatements="53" conditionals="16" coveredconditionals="14" methods="12" coveredmethods="11" elements="83" coveredelements="78" complexity="0" loc="55" ncloc="55" packages="1" files="1" classes="1"/>
    <file name="index.js" path="/home/rydyr/Desktop/bot/index.js">
      <metrics statements="55" coveredstatements="53" conditionals="16" coveredconditionals="14" methods="12" coveredmethods="11"/>
      <line num="2" count="1" type="stmt"/>
      <line num="3" count="1" type="stmt"/>
      <line num="4" count="1" type="stmt"/>
      <line num="5" count="1" type="stmt"/>
      <line num="8" count="1" type="stmt"/>
      <line num="21" count="1" type="stmt"/>
      <line num="26" count="1" type="cond" truecount="1" falsecount="1"/>
      <line num="27" count="1" type="cond" truecount="2" falsecount="0"/>
      <line num="31" count="71" type="cond" truecount="2" falsecount="0"/>
      <line num="32" count="58" type="cond" truecount="2" falsecount="0"/>
      <line num="33" count="13" type="cond" truecount="1" falsecount="1"/>
      <line num="34" count="0" type="stmt"/>
      <line num="36" count="13" type="stmt"/>
      <line num="42" count="37" type="stmt"/>
      <line num="43" count="37" type="stmt"/>
      <line num="44" count="92" type="stmt"/>
      <line num="45" count="92" type="stmt"/>
      <line num="46" count="24" type="stmt"/>
      <line num="48" count="68" type="stmt"/>
      <line num="49" count="68" type="stmt"/>
      <line num="50" count="68" type="stmt"/>
      <line num="51" count="68" type="cond" truecount="2" falsecount="0"/>
      <line num="52" count="13" type="stmt"/>
      <line num="53" count="13" type="stmt"/>
      <line num="55" count="55" type="stmt"/>
      <line num="62" count="19" type="stmt"/>
      <line num="71" count="19" type="stmt"/>
      <line num="76" count="11" type="stmt"/>
      <line num="86" count="11" type="stmt"/>
      <line num="91" count="10" type="stmt"/>
      <line num="92" count="6" type="stmt"/>
      <line num="97" count="3" type="stmt"/>
      <line num="99" count="3" type="stmt"/>
      <line num="100" count="2" type="cond" truecount="2" falsecount="0"/>
      <line num="102" count="1" type="stmt"/>
      <line num="103" count="1" type="stmt"/>
      <line num="105" count="1" type="stmt"/>
      <line num="108" count="1" type="stmt"/>
      <line num="109" count="1" type="stmt"/>
      <line num="115" count="3" type="stmt"/>
      <line num="116" count="3" type="stmt"/>
      <line num="117" count="6" type="stmt"/>
      <line num="118" count="6" type="cond" truecount="2" falsecount="0"/>
      <line num="119" count="5" type="stmt"/>
      <line num="120" count="3" type="stmt"/>
      <line num="122" count="1" type="stmt"/>
      <line num="125" count="2" type="stmt"/>
      <line num="126" count="2" type="stmt"/>
      <line num="133" count="2" type="stmt"/>
      <line num="134" count="0" type="stmt"/>
      <line num="140" count="1" type="stmt"/>
      <line num="141" count="1" type="stmt"/>
      <line num="148" count="1" type="stmt"/>
      <line num="159" count="1" type="stmt"/>
      <line num="172" count="1" type="stmt"/>
    </file>
  </project>
</coverage>
