<?xml version="1.0" encoding="UTF-8"?>
<coverage generated="1718667175686" clover="3.2.0">
  <project timestamp="1718667175688" name="All files">
    <metrics statements="47" coveredstatements="46" conditionals="10" coveredconditionals="9" methods="11" coveredmethods="10" elements="68" coveredelements="65" complexity="0" loc="47" ncloc="47" packages="1" files="1" classes="1"/>
    <file name="index.js" path="/home/rydyr/Desktop/bot/index.js">
      <metrics statements="47" coveredstatements="46" conditionals="10" coveredconditionals="9" methods="11" coveredmethods="10"/>
      <line num="2" count="1" type="stmt"/>
      <line num="3" count="1" type="stmt"/>
      <line num="4" count="1" type="stmt"/>
      <line num="5" count="1" type="stmt"/>
      <line num="8" count="1" type="stmt"/>
      <line num="21" count="1" type="stmt"/>
      <line num="26" count="1" type="cond" truecount="1" falsecount="1"/>
      <line num="27" count="1" type="cond" truecount="2" falsecount="0"/>
      <line num="31" count="31" type="stmt"/>
      <line num="32" count="31" type="stmt"/>
      <line num="33" count="62" type="stmt"/>
      <line num="34" count="62" type="stmt"/>
      <line num="35" count="24" type="stmt"/>
      <line num="37" count="38" type="stmt"/>
      <line num="38" count="38" type="stmt"/>
      <line num="39" count="38" type="cond" truecount="2" falsecount="0"/>
      <line num="40" count="7" type="stmt"/>
      <line num="41" count="7" type="stmt"/>
      <line num="43" count="31" type="stmt"/>
      <line num="50" count="17" type="stmt"/>
      <line num="59" count="17" type="stmt"/>
      <line num="64" count="9" type="stmt"/>
      <line num="74" count="9" type="stmt"/>
      <line num="79" count="10" type="stmt"/>
      <line num="80" count="6" type="stmt"/>
      <line num="85" count="3" type="stmt"/>
      <line num="87" count="3" type="stmt"/>
      <line num="88" count="2" type="cond" truecount="2" falsecount="0"/>
      <line num="90" count="1" type="stmt"/>
      <line num="91" count="1" type="stmt"/>
      <line num="93" count="1" type="stmt"/>
      <line num="96" count="1" type="stmt"/>
      <line num="102" count="3" type="stmt"/>
      <line num="103" count="3" type="stmt"/>
      <line num="104" count="6" type="stmt"/>
      <line num="105" count="6" type="cond" truecount="2" falsecount="0"/>
      <line num="106" count="5" type="stmt"/>
      <line num="107" count="3" type="stmt"/>
      <line num="109" count="1" type="stmt"/>
      <line num="112" count="2" type="stmt"/>
      <line num="119" count="2" type="stmt"/>
      <line num="120" count="0" type="stmt"/>
      <line num="126" count="1" type="stmt"/>
      <line num="127" count="1" type="stmt"/>
      <line num="134" count="1" type="stmt"/>
      <line num="145" count="1" type="stmt"/>
      <line num="158" count="1" type="stmt"/>
    </file>
  </project>
</coverage>
