{"/home/rydyr/Desktop/bot/index.js": {"path":"/home/rydyr/Desktop/bot/index.js","statementMap":{"0":{"start":{"line":2,"column":0},"end":{"line":2,"column":27}},"1":{"start":{"line":3,"column":14},"end":{"line":3,"column":30}},"2":{"start":{"line":4,"column":16},"end":{"line":4,"column":34}},"3":{"start":{"line":5,"column":13},"end":{"line":5,"column":33}},"4":{"start":{"line":8,"column":15},"end":{"line":18,"column":2}},"5":{"start":{"line":21,"column":19},"end":{"line":23,"column":2}},"6":{"start":{"line":26,"column":19},"end":{"line":26,"column":63}},"7":{"start":{"line":27,"column":20},"end":{"line":27,"column":62}},"8":{"start":{"line":31,"column":2},"end":{"line":37,"column":3}},"9":{"start":{"line":32,"column":4},"end":{"line":32,"column":79}},"10":{"start":{"line":33,"column":9},"end":{"line":37,"column":3}},"11":{"start":{"line":34,"column":4},"end":{"line":34,"column":34}},"12":{"start":{"line":36,"column":4},"end":{"line":36,"column":25}},"13":{"start":{"line":42,"column":19},"end":{"line":42,"column":20}},"14":{"start":{"line":43,"column":2},"end":{"line":57,"column":3}},"15":{"start":{"line":44,"column":4},"end":{"line":56,"column":5}},"16":{"start":{"line":45,"column":23},"end":{"line":45,"column":54}},"17":{"start":{"line":46,"column":6},"end":{"line":46,"column":27}},"18":{"start":{"line":48,"column":6},"end":{"line":48,"column":19}},"19":{"start":{"line":49,"column":23},"end":{"line":49,"column":45}},"20":{"start":{"line":50,"column":6},"end":{"line":50,"column":74}},"21":{"start":{"line":51,"column":6},"end":{"line":54,"column":7}},"22":{"start":{"line":52,"column":8},"end":{"line":52,"column":73}},"23":{"start":{"line":53,"column":8},"end":{"line":53,"column":76}},"24":{"start":{"line":55,"column":6},"end":{"line":55,"column":68}},"25":{"start":{"line":55,"column":35},"end":{"line":55,"column":66}},"26":{"start":{"line":62,"column":24},"end":{"line":70,"column":3}},"27":{"start":{"line":71,"column":2},"end":{"line":71,"column":45}},"28":{"start":{"line":76,"column":24},"end":{"line":85,"column":3}},"29":{"start":{"line":86,"column":2},"end":{"line":86,"column":45}},"30":{"start":{"line":91,"column":19},"end":{"line":91,"column":73}},"31":{"start":{"line":91,"column":41},"end":{"line":91,"column":72}},"32":{"start":{"line":92,"column":2},"end":{"line":92,"column":37}},"33":{"start":{"line":97,"column":2},"end":{"line":110,"column":3}},"34":{"start":{"line":99,"column":25},"end":{"line":99,"column":62}},"35":{"start":{"line":100,"column":4},"end":{"line":106,"column":5}},"36":{"start":{"line":102,"column":35},"end":{"line":102,"column":84}},"37":{"start":{"line":103,"column":6},"end":{"line":103,"column":103}},"38":{"start":{"line":105,"column":6},"end":{"line":105,"column":56}},"39":{"start":{"line":108,"column":21},"end":{"line":108,"column":43}},"40":{"start":{"line":109,"column":4},"end":{"line":109,"column":68}},"41":{"start":{"line":115,"column":18},"end":{"line":115,"column":54}},"42":{"start":{"line":116,"column":2},"end":{"line":128,"column":3}},"43":{"start":{"line":116,"column":15},"end":{"line":116,"column":16}},"44":{"start":{"line":117,"column":4},"end":{"line":127,"column":5}},"45":{"start":{"line":118,"column":6},"end":{"line":123,"column":7}},"46":{"start":{"line":119,"column":37},"end":{"line":119,"column":90}},"47":{"start":{"line":120,"column":8},"end":{"line":120,"column":109}},"48":{"start":{"line":122,"column":8},"end":{"line":122,"column":62}},"49":{"start":{"line":125,"column":23},"end":{"line":125,"column":45}},"50":{"start":{"line":126,"column":6},"end":{"line":126,"column":74}},"51":{"start":{"line":133,"column":2},"end":{"line":135,"column":5}},"52":{"start":{"line":134,"column":4},"end":{"line":134,"column":54}},"53":{"start":{"line":140,"column":17},"end":{"line":140,"column":30}},"54":{"start":{"line":141,"column":30},"end":{"line":143,"column":3}},"55":{"start":{"line":148,"column":2},"end":{"line":148,"column":66}},"56":{"start":{"line":159,"column":0},"end":{"line":169,"column":2}},"57":{"start":{"line":172,"column":0},"end":{"line":172,"column":7}}},"fnMap":{"0":{"name":"getErrorMessage","decl":{"start":{"line":30,"column":9},"end":{"line":30,"column":24}},"loc":{"start":{"line":30,"column":32},"end":{"line":38,"column":1}},"line":30},"1":{"name":"performRequest","decl":{"start":{"line":41,"column":15},"end":{"line":41,"column":29}},"loc":{"start":{"line":41,"column":45},"end":{"line":58,"column":1}},"line":41},"2":{"name":"(anonymous_2)","decl":{"start":{"line":55,"column":24},"end":{"line":55,"column":25}},"loc":{"start":{"line":55,"column":35},"end":{"line":55,"column":66}},"line":55},"3":{"name":"checkDomainAvailability","decl":{"start":{"line":61,"column":15},"end":{"line":61,"column":38}},"loc":{"start":{"line":61,"column":47},"end":{"line":72,"column":1}},"line":61},"4":{"name":"registerDomain","decl":{"start":{"line":75,"column":15},"end":{"line":75,"column":29}},"loc":{"start":{"line":75,"column":59},"end":{"line":87,"column":1}},"line":75},"5":{"name":"performMultipleChecks","decl":{"start":{"line":90,"column":15},"end":{"line":90,"column":36}},"loc":{"start":{"line":90,"column":46},"end":{"line":93,"column":1}},"line":90},"6":{"name":"(anonymous_6)","decl":{"start":{"line":91,"column":31},"end":{"line":91,"column":32}},"loc":{"start":{"line":91,"column":41},"end":{"line":91,"column":72}},"line":91},"7":{"name":"registerSingleDomain","decl":{"start":{"line":96,"column":15},"end":{"line":96,"column":35}},"loc":{"start":{"line":96,"column":65},"end":{"line":111,"column":1}},"line":96},"8":{"name":"registerMultipleDomains","decl":{"start":{"line":114,"column":15},"end":{"line":114,"column":38}},"loc":{"start":{"line":114,"column":69},"end":{"line":129,"column":1}},"line":114},"9":{"name":"scheduleRegistration","decl":{"start":{"line":132,"column":9},"end":{"line":132,"column":29}},"loc":{"start":{"line":132,"column":69},"end":{"line":136,"column":1}},"line":132},"10":{"name":"(anonymous_10)","decl":{"start":{"line":133,"column":26},"end":{"line":133,"column":27}},"loc":{"start":{"line":133,"column":32},"end":{"line":135,"column":3}},"line":133},"11":{"name":"main","decl":{"start":{"line":139,"column":15},"end":{"line":139,"column":19}},"loc":{"start":{"line":139,"column":22},"end":{"line":156,"column":1}},"line":139}},"branchMap":{"0":{"loc":{"start":{"line":26,"column":19},"end":{"line":26,"column":63}},"type":"binary-expr","locations":[{"start":{"line":26,"column":19},"end":{"line":26,"column":56}},{"start":{"line":26,"column":60},"end":{"line":26,"column":63}}],"line":26},"1":{"loc":{"start":{"line":27,"column":20},"end":{"line":27,"column":62}},"type":"binary-expr","locations":[{"start":{"line":27,"column":20},"end":{"line":27,"column":57}},{"start":{"line":27,"column":61},"end":{"line":27,"column":62}}],"line":27},"2":{"loc":{"start":{"line":31,"column":2},"end":{"line":37,"column":3}},"type":"if","locations":[{"start":{"line":31,"column":2},"end":{"line":37,"column":3}},{"start":{"line":33,"column":9},"end":{"line":37,"column":3}}],"line":31},"3":{"loc":{"start":{"line":32,"column":11},"end":{"line":32,"column":78}},"type":"binary-expr","locations":[{"start":{"line":32,"column":11},"end":{"line":32,"column":39}},{"start":{"line":32,"column":43},"end":{"line":32,"column":78}}],"line":32},"4":{"loc":{"start":{"line":33,"column":9},"end":{"line":37,"column":3}},"type":"if","locations":[{"start":{"line":33,"column":9},"end":{"line":37,"column":3}},{"start":{"line":35,"column":9},"end":{"line":37,"column":3}}],"line":33},"5":{"loc":{"start":{"line":51,"column":6},"end":{"line":54,"column":7}},"type":"if","locations":[{"start":{"line":51,"column":6},"end":{"line":54,"column":7}},{"start":{},"end":{}}],"line":51},"6":{"loc":{"start":{"line":100,"column":4},"end":{"line":106,"column":5}},"type":"if","locations":[{"start":{"line":100,"column":4},"end":{"line":106,"column":5}},{"start":{"line":104,"column":11},"end":{"line":106,"column":5}}],"line":100},"7":{"loc":{"start":{"line":118,"column":6},"end":{"line":123,"column":7}},"type":"if","locations":[{"start":{"line":118,"column":6},"end":{"line":123,"column":7}},{"start":{"line":121,"column":13},"end":{"line":123,"column":7}}],"line":118}},"s":{"0":1,"1":1,"2":1,"3":1,"4":1,"5":1,"6":1,"7":1,"8":71,"9":58,"10":13,"11":0,"12":13,"13":37,"14":37,"15":92,"16":92,"17":24,"18":68,"19":68,"20":68,"21":68,"22":13,"23":13,"24":55,"25":55,"26":19,"27":19,"28":11,"29":11,"30":6,"31":10,"32":6,"33":3,"34":3,"35":2,"36":1,"37":1,"38":1,"39":1,"40":1,"41":3,"42":3,"43":3,"44":6,"45":6,"46":5,"47":3,"48":1,"49":2,"50":2,"51":2,"52":0,"53":1,"54":1,"55":1,"56":1,"57":1},"f":{"0":71,"1":37,"2":55,"3":19,"4":11,"5":6,"6":10,"7":3,"8":3,"9":2,"10":0,"11":1},"b":{"0":[1,0],"1":[1,1],"2":[58,13],"3":[58,38],"4":[0,13],"5":[13,55],"6":[1,1],"7":[5,1]},"_coverageSchema":"1a1c01bbd47fc00a2c39e90264f33305004495a9","hash":"012f7404d53511131486f076a392e45b88e6f22e"}
}
