{"/home/rydyr/Desktop/bot/index.js": {"path":"/home/rydyr/Desktop/bot/index.js","statementMap":{"0":{"start":{"line":2,"column":0},"end":{"line":2,"column":27}},"1":{"start":{"line":3,"column":14},"end":{"line":3,"column":30}},"2":{"start":{"line":4,"column":16},"end":{"line":4,"column":34}},"3":{"start":{"line":5,"column":13},"end":{"line":5,"column":33}},"4":{"start":{"line":8,"column":15},"end":{"line":18,"column":2}},"5":{"start":{"line":21,"column":19},"end":{"line":23,"column":2}},"6":{"start":{"line":26,"column":19},"end":{"line":26,"column":63}},"7":{"start":{"line":27,"column":20},"end":{"line":27,"column":62}},"8":{"start":{"line":31,"column":19},"end":{"line":31,"column":20}},"9":{"start":{"line":32,"column":2},"end":{"line":45,"column":3}},"10":{"start":{"line":33,"column":4},"end":{"line":44,"column":5}},"11":{"start":{"line":34,"column":23},"end":{"line":34,"column":54}},"12":{"start":{"line":35,"column":6},"end":{"line":35,"column":27}},"13":{"start":{"line":37,"column":6},"end":{"line":37,"column":19}},"14":{"start":{"line":38,"column":6},"end":{"line":38,"column":79}},"15":{"start":{"line":39,"column":6},"end":{"line":42,"column":7}},"16":{"start":{"line":40,"column":8},"end":{"line":40,"column":78}},"17":{"start":{"line":41,"column":8},"end":{"line":41,"column":81}},"18":{"start":{"line":43,"column":6},"end":{"line":43,"column":68}},"19":{"start":{"line":43,"column":35},"end":{"line":43,"column":66}},"20":{"start":{"line":50,"column":24},"end":{"line":58,"column":3}},"21":{"start":{"line":59,"column":2},"end":{"line":59,"column":45}},"22":{"start":{"line":64,"column":24},"end":{"line":73,"column":3}},"23":{"start":{"line":74,"column":2},"end":{"line":74,"column":45}},"24":{"start":{"line":79,"column":19},"end":{"line":79,"column":73}},"25":{"start":{"line":79,"column":41},"end":{"line":79,"column":72}},"26":{"start":{"line":80,"column":2},"end":{"line":80,"column":37}},"27":{"start":{"line":85,"column":2},"end":{"line":97,"column":3}},"28":{"start":{"line":87,"column":25},"end":{"line":87,"column":62}},"29":{"start":{"line":88,"column":4},"end":{"line":94,"column":5}},"30":{"start":{"line":90,"column":35},"end":{"line":90,"column":84}},"31":{"start":{"line":91,"column":6},"end":{"line":91,"column":87}},"32":{"start":{"line":93,"column":6},"end":{"line":93,"column":56}},"33":{"start":{"line":96,"column":4},"end":{"line":96,"column":73}},"34":{"start":{"line":102,"column":18},"end":{"line":102,"column":54}},"35":{"start":{"line":103,"column":2},"end":{"line":114,"column":3}},"36":{"start":{"line":103,"column":15},"end":{"line":103,"column":16}},"37":{"start":{"line":104,"column":4},"end":{"line":113,"column":5}},"38":{"start":{"line":105,"column":6},"end":{"line":110,"column":7}},"39":{"start":{"line":106,"column":37},"end":{"line":106,"column":90}},"40":{"start":{"line":107,"column":8},"end":{"line":107,"column":93}},"41":{"start":{"line":109,"column":8},"end":{"line":109,"column":62}},"42":{"start":{"line":112,"column":6},"end":{"line":112,"column":79}},"43":{"start":{"line":119,"column":2},"end":{"line":121,"column":5}},"44":{"start":{"line":120,"column":4},"end":{"line":120,"column":54}},"45":{"start":{"line":126,"column":17},"end":{"line":126,"column":30}},"46":{"start":{"line":127,"column":30},"end":{"line":129,"column":3}},"47":{"start":{"line":134,"column":2},"end":{"line":134,"column":66}},"48":{"start":{"line":145,"column":0},"end":{"line":155,"column":2}},"49":{"start":{"line":158,"column":0},"end":{"line":158,"column":7}}},"fnMap":{"0":{"name":"performRequest","decl":{"start":{"line":30,"column":15},"end":{"line":30,"column":29}},"loc":{"start":{"line":30,"column":45},"end":{"line":46,"column":1}},"line":30},"1":{"name":"(anonymous_1)","decl":{"start":{"line":43,"column":24},"end":{"line":43,"column":25}},"loc":{"start":{"line":43,"column":35},"end":{"line":43,"column":66}},"line":43},"2":{"name":"checkDomainAvailability","decl":{"start":{"line":49,"column":15},"end":{"line":49,"column":38}},"loc":{"start":{"line":49,"column":47},"end":{"line":60,"column":1}},"line":49},"3":{"name":"registerDomain","decl":{"start":{"line":63,"column":15},"end":{"line":63,"column":29}},"loc":{"start":{"line":63,"column":59},"end":{"line":75,"column":1}},"line":63},"4":{"name":"performMultipleChecks","decl":{"start":{"line":78,"column":15},"end":{"line":78,"column":36}},"loc":{"start":{"line":78,"column":46},"end":{"line":81,"column":1}},"line":78},"5":{"name":"(anonymous_5)","decl":{"start":{"line":79,"column":31},"end":{"line":79,"column":32}},"loc":{"start":{"line":79,"column":41},"end":{"line":79,"column":72}},"line":79},"6":{"name":"registerSingleDomain","decl":{"start":{"line":84,"column":15},"end":{"line":84,"column":35}},"loc":{"start":{"line":84,"column":65},"end":{"line":98,"column":1}},"line":84},"7":{"name":"registerMultipleDomains","decl":{"start":{"line":101,"column":15},"end":{"line":101,"column":38}},"loc":{"start":{"line":101,"column":69},"end":{"line":115,"column":1}},"line":101},"8":{"name":"scheduleRegistration","decl":{"start":{"line":118,"column":9},"end":{"line":118,"column":29}},"loc":{"start":{"line":118,"column":69},"end":{"line":122,"column":1}},"line":118},"9":{"name":"(anonymous_9)","decl":{"start":{"line":119,"column":26},"end":{"line":119,"column":27}},"loc":{"start":{"line":119,"column":32},"end":{"line":121,"column":3}},"line":119},"10":{"name":"main","decl":{"start":{"line":125,"column":15},"end":{"line":125,"column":19}},"loc":{"start":{"line":125,"column":22},"end":{"line":142,"column":1}},"line":125}},"branchMap":{"0":{"loc":{"start":{"line":26,"column":19},"end":{"line":26,"column":63}},"type":"binary-expr","locations":[{"start":{"line":26,"column":19},"end":{"line":26,"column":56}},{"start":{"line":26,"column":60},"end":{"line":26,"column":63}}],"line":26},"1":{"loc":{"start":{"line":27,"column":20},"end":{"line":27,"column":62}},"type":"binary-expr","locations":[{"start":{"line":27,"column":20},"end":{"line":27,"column":57}},{"start":{"line":27,"column":61},"end":{"line":27,"column":62}}],"line":27},"2":{"loc":{"start":{"line":39,"column":6},"end":{"line":42,"column":7}},"type":"if","locations":[{"start":{"line":39,"column":6},"end":{"line":42,"column":7}},{"start":{},"end":{}}],"line":39},"3":{"loc":{"start":{"line":88,"column":4},"end":{"line":94,"column":5}},"type":"if","locations":[{"start":{"line":88,"column":4},"end":{"line":94,"column":5}},{"start":{"line":92,"column":11},"end":{"line":94,"column":5}}],"line":88},"4":{"loc":{"start":{"line":105,"column":6},"end":{"line":110,"column":7}},"type":"if","locations":[{"start":{"line":105,"column":6},"end":{"line":110,"column":7}},{"start":{"line":108,"column":13},"end":{"line":110,"column":7}}],"line":105}},"s":{"0":1,"1":1,"2":1,"3":1,"4":1,"5":1,"6":1,"7":1,"8":31,"9":31,"10":62,"11":62,"12":24,"13":38,"14":38,"15":38,"16":7,"17":7,"18":31,"19":31,"20":17,"21":17,"22":9,"23":9,"24":6,"25":10,"26":6,"27":3,"28":3,"29":2,"30":1,"31":1,"32":1,"33":1,"34":3,"35":3,"36":3,"37":6,"38":6,"39":5,"40":3,"41":1,"42":2,"43":2,"44":0,"45":1,"46":1,"47":1,"48":1,"49":1},"f":{"0":31,"1":31,"2":17,"3":9,"4":6,"5":10,"6":3,"7":3,"8":2,"9":0,"10":1},"b":{"0":[1,0],"1":[1,1],"2":[7,31],"3":[1,1],"4":[5,1]},"_coverageSchema":"1a1c01bbd47fc00a2c39e90264f33305004495a9","hash":"cd226ebddc5ce9009a8f7048a2f9dc73e1d9f7c7"}
}
