TN:
SF:index.js
FN:30,performRequest
FN:43,(anonymous_1)
FN:49,checkDomainAvailability
FN:63,registerDomain
FN:78,performMultipleChecks
FN:79,(anonymous_5)
FN:84,registerSingleDomain
FN:101,registerMultipleDomains
FN:118,scheduleRegistration
FN:119,(anonymous_9)
FN:125,main
FNF:11
FNH:10
FNDA:26,performRequest
FNDA:30,(anonymous_1)
FNDA:14,checkDomainAvailability
FNDA:8,registerDomain
FNDA:5,performMultipleChecks
FNDA:8,(anonymous_5)
FNDA:3,registerSingleDomain
FNDA:3,registerMultipleDomains
FNDA:2,scheduleRegistration
FNDA:0,(anonymous_9)
FNDA:1,main
DA:2,1
DA:3,1
DA:4,1
DA:5,1
DA:8,1
DA:21,1
DA:26,1
DA:27,1
DA:31,26
DA:32,26
DA:33,56
DA:34,56
DA:35,19
DA:37,37
DA:38,37
DA:39,37
DA:40,7
DA:41,7
DA:43,30
DA:50,14
DA:59,14
DA:64,8
DA:74,8
DA:79,8
DA:80,5
DA:85,3
DA:87,3
DA:88,2
DA:90,1
DA:91,1
DA:93,1
DA:96,1
DA:102,3
DA:103,3
DA:104,6
DA:105,6
DA:106,5
DA:107,3
DA:109,1
DA:112,2
DA:119,2
DA:120,0
DA:126,1
DA:127,1
DA:134,1
DA:145,1
DA:157,1
LF:47
LH:46
BRDA:26,0,0,1
BRDA:26,0,1,0
BRDA:27,1,0,1
BRDA:27,1,1,1
BRDA:39,2,0,7
BRDA:39,2,1,30
BRDA:88,3,0,1
BRDA:88,3,1,1
BRDA:105,4,0,5
BRDA:105,4,1,1
BRF:10
BRH:9
end_of_record
